<?xml version="1.0" encoding="UTF-8"?>
<!-- Generated by org.testng.reporters.JUnitXMLReporter -->
<testsuite hostname="DESKTOP-V5PKU20" ignored="4" name="Test" tests="14" failures="2" timestamp="21 Sep 2020 08:05:29 GMT" time="55.476" errors="0">
  <testcase name="logindata" time="2.074" classname="com_trackflow_test.logintest"/>
  <testcase name="logindata" time="1.948" classname="com_trackflow_test.logintest"/>
  <testcase name="logindata" time="2.535" classname="com_trackflow_test.logintest"/>
  <testcase name="validatetitle" time="0.012" classname="com_trackflow_test.logintest"/>
  <testcase name="verifytoolbarelement" time="1.505" classname="com_trackflow_test.hometest"/>
  <testcase name="verifySidemenu" time="0.224" classname="com_trackflow_test.hometest"/>
  <testcase name="userandgroup_newuser" time="4.396" classname="com_trackflow_test.hometest">
    <failure type="org.openqa.selenium.StaleElementReferenceException" message="stale element reference: element is not attached to the page document
  (Session info: chrome=85.0.4183.102)
For documentation on this error, please visit: https://selenium.dev/exceptions/#stale_element_reference
Build info: version: &amp;apos;4.0.0-alpha-6&amp;apos;, revision: &amp;apos;5f43a29cfc&amp;apos;
System info: host: &amp;apos;DESKTOP-V5PKU20&amp;apos;, ip: &amp;apos;192.168.160.1&amp;apos;, os.name: &amp;apos;Windows 10&amp;apos;, os.arch: &amp;apos;amd64&amp;apos;, os.version: &amp;apos;10.0&amp;apos;, java.version: &amp;apos;1.8.0_231&amp;apos;
Driver info: org.openqa.selenium.chrome.ChromeDriver
Capabilities {acceptInsecureCerts: false, browserName: chrome, browserVersion: 85.0.4183.102, chrome: {chromedriverVersion: 85.0.4183.87 (cd6713ebf92fa..., userDataDir: C:\Users\Sanu\AppData\Local...}, goog:chromeOptions: {debuggerAddress: localhost:50079}, javascriptEnabled: true, networkConnectionEnabled: false, pageLoadStrategy: normal, platform: WINDOWS, platformName: WINDOWS, proxy: Proxy(), setWindowRect: true, strictFileInteractability: false, timeouts: {implicit: 0, pageLoad: 300000, script: 30000}, unhandledPromptBehavior: dismiss and notify, webauthn:virtualAuthenticators: true}
Session ID: 8ca4ffe5e35346900a3d97bb8b24b6e0">
      <![CDATA[org.openqa.selenium.StaleElementReferenceException: stale element reference: element is not attached to the page document
  (Session info: chrome=85.0.4183.102)
For documentation on this error, please visit: https://selenium.dev/exceptions/#stale_element_reference
Build info: version: '4.0.0-alpha-6', revision: '5f43a29cfc'
System info: host: 'DESKTOP-V5PKU20', ip: '192.168.160.1', os.name: 'Windows 10', os.arch: 'amd64', os.version: '10.0', java.version: '1.8.0_231'
Driver info: org.openqa.selenium.chrome.ChromeDriver
Capabilities {acceptInsecureCerts: false, browserName: chrome, browserVersion: 85.0.4183.102, chrome: {chromedriverVersion: 85.0.4183.87 (cd6713ebf92fa..., userDataDir: C:\Users\Sanu\AppData\Local...}, goog:chromeOptions: {debuggerAddress: localhost:50079}, javascriptEnabled: true, networkConnectionEnabled: false, pageLoadStrategy: normal, platform: WINDOWS, platformName: WINDOWS, proxy: Proxy(), setWindowRect: true, strictFileInteractability: false, timeouts: {implicit: 0, pageLoad: 300000, script: 30000}, unhandledPromptBehavior: dismiss and notify, webauthn:virtualAuthenticators: true}
Session ID: 8ca4ffe5e35346900a3d97bb8b24b6e0
at org.openqa.selenium.remote.codec.w3c.W3CHttpResponseCodec.createException(W3CHttpResponseCodec.java:196)
at org.openqa.selenium.remote.codec.w3c.W3CHttpResponseCodec.decode(W3CHttpResponseCodec.java:129)
at org.openqa.selenium.remote.codec.w3c.W3CHttpResponseCodec.decode(W3CHttpResponseCodec.java:53)
at org.openqa.selenium.remote.HttpCommandExecutor.execute(HttpCommandExecutor.java:160)
at org.openqa.selenium.remote.service.DriverCommandExecutor.execute(DriverCommandExecutor.java:83)
at org.openqa.selenium.remote.RemoteWebDriver.execute(RemoteWebDriver.java:582)
at org.openqa.selenium.remote.RemoteWebElement.execute(RemoteWebElement.java:316)
at org.openqa.selenium.remote.RemoteWebElement.getText(RemoteWebElement.java:181)
at com_trackflow_test.hometest.userandgroup_newuser(hometest.java:105)
at java.util.concurrent.FutureTask.run(Unknown Source)
at java.util.concurrent.ThreadPoolExecutor.runWorker(Unknown Source)
at java.util.concurrent.ThreadPoolExecutor$Worker.run(Unknown Source)
at java.lang.Thread.run(Unknown Source)
... Removed 20 stack frames]]>
    </failure>
  </testcase> <!-- userandgroup_newuser -->
  <testcase name="newuserdata" time="5.107" classname="com_trackflow_test.hometest"/>
  <testcase name="newuserdata" time="4.973" classname="com_trackflow_test.hometest"/>
  <testcase name="newuserdata" time="5.045" classname="com_trackflow_test.hometest"/>
  <testcase name="newuserdata" time="4.908" classname="com_trackflow_test.hometest"/>
  <testcase name="newuserdata" time="4.994" classname="com_trackflow_test.hometest"/>
  <testcase name="userandgroupuser" time="7.287" classname="com_trackflow_test.hometest">
    <failure type="java.lang.AssertionError" message="Lists differ at element [0]: JGFHJGHJ != admin expected [JGFHJGHJ] but found [admin]">
      <![CDATA[java.lang.AssertionError: Lists differ at element [0]: JGFHJGHJ != admin expected [JGFHJGHJ] but found [admin]
at com_trackflow_test.hometest.userandgroupuser(hometest.java:171)
at java.util.concurrent.FutureTask.run(Unknown Source)
at java.util.concurrent.ThreadPoolExecutor.runWorker(Unknown Source)
at java.util.concurrent.ThreadPoolExecutor$Worker.run(Unknown Source)
at java.lang.Thread.run(Unknown Source)
... Removed 21 stack frames]]>
    </failure>
  </testcase> <!-- userandgroupuser -->
  <testcase name="addpointofcontact" time="8.13" classname="com_trackflow_test.thirdpartytest"/>
  <testcase name="@AfterSuite teardown" time="0.0" classname="com_trackflow_generic.base">
    <ignored/>
  </testcase> <!-- @AfterSuite teardown -->
  <testcase name="@AfterSuite teardown" time="0.0" classname="com_trackflow_generic.base">
    <ignored/>
  </testcase> <!-- @AfterSuite teardown -->
  <testcase name="@BeforeSuite initialise" time="0.0" classname="com_trackflow_generic.base">
    <ignored/>
  </testcase> <!-- @BeforeSuite initialise -->
  <testcase name="@BeforeSuite initialise" time="0.0" classname="com_trackflow_generic.base">
    <ignored/>
  </testcase> <!-- @BeforeSuite initialise -->
</testsuite> <!-- Test -->
