<html>
<head>
<title>TestNG:  Test</title>
<link href="../testng.css" rel="stylesheet" type="text/css" />
<link href="../my-testng.css" rel="stylesheet" type="text/css" />

<style type="text/css">
.log { display: none;} 
.stack-trace { display: none;} 
</style>
<script type="text/javascript">
<!--
function flip(e) {
  current = e.style.display;
  if (current == 'block') {
    e.style.display = 'none';
    return 0;
  }
  else {
    e.style.display = 'block';
    return 1;
  }
}

function toggleBox(szDivId, elem, msg1, msg2)
{
  var res = -1;  if (document.getElementById) {
    res = flip(document.getElementById(szDivId));
  }
  else if (document.all) {
    // this is the way old msie versions work
    res = flip(document.all[szDivId]);
  }
  if(elem) {
    if(res == 0) elem.innerHTML = msg1; else elem.innerHTML = msg2;
  }

}

function toggleAllBoxes() {
  if (document.getElementsByTagName) {
    d = document.getElementsByTagName('div');
    for (i = 0; i < d.length; i++) {
      if (d[i].className == 'log') {
        flip(d[i]);
      }
    }
  }
}

// -->
</script>

</head>
<body>
<h2 align='center'>Test</h2><table border='1' align="center">
<tr>
<td>Tests passed/Failed/Skipped:</td><td>12/2/0</td>
</tr><tr>
<td>Started on:</td><td>Mon Sep 21 13:34:34 IST 2020</td>
</tr>
<tr><td>Total time:</td><td>55 seconds (55476 ms)</td>
</tr><tr>
<td>Included groups:</td><td></td>
</tr><tr>
<td>Excluded groups:</td><td></td>
</tr>
</table><p/>
<small><i>(Hover the method name to see the test class name)</i></small><p/>
<table width='100%' border='1' class='invocation-failed'>
<tr><td colspan='4' align='center'><b>FAILED TESTS</b></td></tr>
<tr><td><b>Test method</b></td>
<td width="30%"><b>Exception</b></td>
<td width="10%"><b>Time (seconds)</b></td>
<td><b>Instance</b></td>
</tr>
<tr>
<td title='com_trackflow_test.hometest.userandgroup_newuser()'><b>userandgroup_newuser</b><br>Test class: com_trackflow_test.hometest<br/>
<a href="#Output-286679370" onClick='toggleBox("Output-286679370", this, "Show output", "Hide output");'>Show output</a>

<a href="#Output-286679370" onClick="toggleAllBoxes();">Show all outputs</a>
<div class='log' id="Output-286679370">
Users<br/>
new user element not present<br/>
   New user<br/>
valid usergroupcard title<br/>
</div>
</td>
<td><div><pre>org.openqa.selenium.StaleElementReferenceException: stale element reference: element is not attached to the page document
  (Session info: chrome=85.0.4183.102)
For documentation on this error, please visit: https://selenium.dev/exceptions/#stale_element_reference
Build info: version: &apos;4.0.0-alpha-6&apos;, revision: &apos;5f43a29cfc&apos;
System info: host: &apos;DESKTOP-V5PKU20&apos;, ip: &apos;192.168.160.1&apos;, os.name: &apos;Windows 10&apos;, os.arch: &apos;amd64&apos;, os.version: &apos;10.0&apos;, java.version: &apos;1.8.0_231&apos;
Driver info: org.openqa.selenium.chrome.ChromeDriver
Capabilities {acceptInsecureCerts: false, browserName: chrome, browserVersion: 85.0.4183.102, chrome: {chromedriverVersion: 85.0.4183.87 (cd6713ebf92fa..., userDataDir: C:\Users\Sanu\AppData\Local...}, goog:chromeOptions: {debuggerAddress: localhost:50079}, javascriptEnabled: true, networkConnectionEnabled: false, pageLoadStrategy: normal, platform: WINDOWS, platformName: WINDOWS, proxy: Proxy(), setWindowRect: true, strictFileInteractability: false, timeouts: {implicit: 0, pageLoad: 300000, script: 30000}, unhandledPromptBehavior: dismiss and notify, webauthn:virtualAuthenticators: true}
Session ID: 8ca4ffe5e35346900a3d97bb8b24b6e0
	at org.openqa.selenium.remote.codec.w3c.W3CHttpResponseCodec.createException(W3CHttpResponseCodec.java:196)
	at org.openqa.selenium.remote.codec.w3c.W3CHttpResponseCodec.decode(W3CHttpResponseCodec.java:129)
	at org.openqa.selenium.remote.codec.w3c.W3CHttpResponseCodec.decode(W3CHttpResponseCodec.java:53)
	at org.openqa.selenium.remote.HttpCommandExecutor.execute(HttpCommandExecutor.java:160)
	at org.openqa.selenium.remote.service.DriverCommandExecutor.execute(DriverCommandExecutor.java:83)
	at org.openqa.selenium.remote.RemoteWebDriver.execute(RemoteWebDriver.java:582)
	at org.openqa.selenium.remote.RemoteWebElement.execute(RemoteWebElement.java:316)
	at org.openqa.selenium.remote.RemoteWebElement.getText(RemoteWebElement.java:181)
	at com_trackflow_test.hometest.userandgroup_newuser(hometest.java:105)
	at java.util.concurrent.FutureTask.run(Unknown Source)
	at java.util.concurrent.ThreadPoolExecutor.runWorker(Unknown Source)
	at java.util.concurrent.ThreadPoolExecutor$Worker.run(Unknown Source)
	at java.lang.Thread.run(Unknown Source)
... Removed 20 stack frames</pre></div><a href='#' onClick='toggleBox("stack-trace286679370", this, "Click to show all stack frames", "Click to hide stack frames")'>Click to show all stack frames</a>
<div class='stack-trace' id='stack-trace286679370'><pre>org.openqa.selenium.StaleElementReferenceException: stale element reference: element is not attached to the page document
  (Session info: chrome=85.0.4183.102)
For documentation on this error, please visit: https://selenium.dev/exceptions/#stale_element_reference
Build info: version: &apos;4.0.0-alpha-6&apos;, revision: &apos;5f43a29cfc&apos;
System info: host: &apos;DESKTOP-V5PKU20&apos;, ip: &apos;192.168.160.1&apos;, os.name: &apos;Windows 10&apos;, os.arch: &apos;amd64&apos;, os.version: &apos;10.0&apos;, java.version: &apos;1.8.0_231&apos;
Driver info: org.openqa.selenium.chrome.ChromeDriver
Capabilities {acceptInsecureCerts: false, browserName: chrome, browserVersion: 85.0.4183.102, chrome: {chromedriverVersion: 85.0.4183.87 (cd6713ebf92fa..., userDataDir: C:\Users\Sanu\AppData\Local...}, goog:chromeOptions: {debuggerAddress: localhost:50079}, javascriptEnabled: true, networkConnectionEnabled: false, pageLoadStrategy: normal, platform: WINDOWS, platformName: WINDOWS, proxy: Proxy(), setWindowRect: true, strictFileInteractability: false, timeouts: {implicit: 0, pageLoad: 300000, script: 30000}, unhandledPromptBehavior: dismiss and notify, webauthn:virtualAuthenticators: true}
Session ID: 8ca4ffe5e35346900a3d97bb8b24b6e0
	at sun.reflect.NativeConstructorAccessorImpl.newInstance0(Native Method)
	at sun.reflect.NativeConstructorAccessorImpl.newInstance(Unknown Source)
	at sun.reflect.DelegatingConstructorAccessorImpl.newInstance(Unknown Source)
	at java.lang.reflect.Constructor.newInstance(Unknown Source)
	at org.openqa.selenium.remote.codec.w3c.W3CHttpResponseCodec.createException(W3CHttpResponseCodec.java:196)
	at org.openqa.selenium.remote.codec.w3c.W3CHttpResponseCodec.decode(W3CHttpResponseCodec.java:129)
	at org.openqa.selenium.remote.codec.w3c.W3CHttpResponseCodec.decode(W3CHttpResponseCodec.java:53)
	at org.openqa.selenium.remote.HttpCommandExecutor.execute(HttpCommandExecutor.java:160)
	at org.openqa.selenium.remote.service.DriverCommandExecutor.execute(DriverCommandExecutor.java:83)
	at org.openqa.selenium.remote.RemoteWebDriver.execute(RemoteWebDriver.java:582)
	at org.openqa.selenium.remote.RemoteWebElement.execute(RemoteWebElement.java:316)
	at org.openqa.selenium.remote.RemoteWebElement.getText(RemoteWebElement.java:181)
	at com_trackflow_test.hometest.userandgroup_newuser(hometest.java:105)
	at sun.reflect.NativeMethodAccessorImpl.invoke0(Native Method)
	at sun.reflect.NativeMethodAccessorImpl.invoke(Unknown Source)
	at sun.reflect.DelegatingMethodAccessorImpl.invoke(Unknown Source)
	at java.lang.reflect.Method.invoke(Unknown Source)
	at org.testng.internal.MethodInvocationHelper.invokeMethod(MethodInvocationHelper.java:124)
	at org.testng.internal.Invoker.invokeMethod(Invoker.java:583)
	at org.testng.internal.Invoker.invokeTestMethod(Invoker.java:719)
	at org.testng.internal.Invoker.invokeTestMethods(Invoker.java:989)
	at org.testng.internal.TestMethodWorker.invokeTestMethods(TestMethodWorker.java:125)
	at org.testng.internal.TestMethodWorker.run(TestMethodWorker.java:109)
	at org.testng.TestRunner.privateRun(TestRunner.java:648)
	at org.testng.TestRunner.run(TestRunner.java:505)
	at org.testng.SuiteRunner.runTest(SuiteRunner.java:455)
	at org.testng.SuiteRunner.access$000(SuiteRunner.java:40)
	at org.testng.SuiteRunner$SuiteWorker.run(SuiteRunner.java:489)
	at org.testng.internal.thread.ThreadUtil$1.call(ThreadUtil.java:52)
	at java.util.concurrent.FutureTask.run(Unknown Source)
	at java.util.concurrent.ThreadPoolExecutor.runWorker(Unknown Source)
	at java.util.concurrent.ThreadPoolExecutor$Worker.run(Unknown Source)
	at java.lang.Thread.run(Unknown Source)
</pre></div></td>
<td>4</td>
<td>com_trackflow_test.hometest@61dd025</td></tr>
<tr>
<td title='com_trackflow_test.hometest.userandgroupuser()'><b>userandgroupuser</b><br>Test class: com_trackflow_test.hometest<br/>
<a href="#Output-811877108" onClick='toggleBox("Output-811877108", this, "Show output", "Hide output");'>Show output</a>

<a href="#Output-811877108" onClick="toggleAllBoxes();">Show all outputs</a>
<div class='log' id="Output-811877108">
Users<br/>
</div>
</td>
<td><div><pre>java.lang.AssertionError: Lists differ at element [0]: JGFHJGHJ != admin expected [JGFHJGHJ] but found [admin]
	at com_trackflow_test.hometest.userandgroupuser(hometest.java:171)
	at java.util.concurrent.FutureTask.run(Unknown Source)
	at java.util.concurrent.ThreadPoolExecutor.runWorker(Unknown Source)
	at java.util.concurrent.ThreadPoolExecutor$Worker.run(Unknown Source)
	at java.lang.Thread.run(Unknown Source)
... Removed 21 stack frames</pre></div><a href='#' onClick='toggleBox("stack-trace811877108", this, "Click to show all stack frames", "Click to hide stack frames")'>Click to show all stack frames</a>
<div class='stack-trace' id='stack-trace811877108'><pre>java.lang.AssertionError: Lists differ at element [0]: JGFHJGHJ != admin expected [JGFHJGHJ] but found [admin]
	at org.testng.Assert.fail(Assert.java:96)
	at org.testng.Assert.failNotEquals(Assert.java:776)
	at org.testng.Assert.assertEqualsImpl(Assert.java:137)
	at org.testng.Assert.assertEquals(Assert.java:831)
	at org.testng.Assert.assertEquals(Assert.java:796)
	at com_trackflow_test.hometest.userandgroupuser(hometest.java:171)
	at sun.reflect.NativeMethodAccessorImpl.invoke0(Native Method)
	at sun.reflect.NativeMethodAccessorImpl.invoke(Unknown Source)
	at sun.reflect.DelegatingMethodAccessorImpl.invoke(Unknown Source)
	at java.lang.reflect.Method.invoke(Unknown Source)
	at org.testng.internal.MethodInvocationHelper.invokeMethod(MethodInvocationHelper.java:124)
	at org.testng.internal.Invoker.invokeMethod(Invoker.java:583)
	at org.testng.internal.Invoker.invokeTestMethod(Invoker.java:719)
	at org.testng.internal.Invoker.invokeTestMethods(Invoker.java:989)
	at org.testng.internal.TestMethodWorker.invokeTestMethods(TestMethodWorker.java:125)
	at org.testng.internal.TestMethodWorker.run(TestMethodWorker.java:109)
	at org.testng.TestRunner.privateRun(TestRunner.java:648)
	at org.testng.TestRunner.run(TestRunner.java:505)
	at org.testng.SuiteRunner.runTest(SuiteRunner.java:455)
	at org.testng.SuiteRunner.access$000(SuiteRunner.java:40)
	at org.testng.SuiteRunner$SuiteWorker.run(SuiteRunner.java:489)
	at org.testng.internal.thread.ThreadUtil$1.call(ThreadUtil.java:52)
	at java.util.concurrent.FutureTask.run(Unknown Source)
	at java.util.concurrent.ThreadPoolExecutor.runWorker(Unknown Source)
	at java.util.concurrent.ThreadPoolExecutor$Worker.run(Unknown Source)
	at java.lang.Thread.run(Unknown Source)
</pre></div></td>
<td>7</td>
<td>com_trackflow_test.hometest@61dd025</td></tr>
</table><p>
<table width='100%' border='1' class='invocation-passed'>
<tr><td colspan='4' align='center'><b>PASSED TESTS</b></td></tr>
<tr><td><b>Test method</b></td>
<td width="30%"><b>Exception</b></td>
<td width="10%"><b>Time (seconds)</b></td>
<td><b>Instance</b></td>
</tr>
<tr>
<td title='com_trackflow_test.thirdpartytest.addpointofcontact()'><b>addpointofcontact</b><br>Test class: com_trackflow_test.thirdpartytest<br/>
<a href="#Output-922329508" onClick='toggleBox("Output-922329508", this, "Show output", "Hide output");'>Show output</a>

<a href="#Output-922329508" onClick="toggleAllBoxes();">Show all outputs</a>
<div class='log' id="Output-922329508">
ghjjk<br/>
element not present in modified list<br/>
poswald<br/>
element not present in modified list<br/>
purc<br/>
element not present in modified list<br/>
fhgfhg<br/>
element not present in modified list<br/>
nlk<br/>
element not present in modified list<br/>
ghjgj<br/>
element not present in modified list<br/>
access01<br/>
element not present in modified list<br/>
jrk<br/>
element not present in modified list<br/>
dabba<br/>
element not present in modified list<br/>
fj<br/>
element not present in modified list<br/>
fhghj<br/>
element not present in modified list<br/>
Verna<br/>
element not present in modified list<br/>
totoy0<br/>
element not present in modified list<br/>
fgfdg<br/>
element not present in modified list<br/>
yamahayamaha<br/>
date is incorrect<br/>
date is incorrect<br/>
date is incorrect<br/>
date is incorrect<br/>
date is incorrect<br/>
date is incorrect<br/>
date is incorrect<br/>
date is incorrect<br/>
date is incorrect<br/>
date is incorrect<br/>
date is incorrect<br/>
date is incorrect<br/>
date is incorrect<br/>
date is incorrect<br/>
date is incorrect<br/>
date is incorrect<br/>
date is incorrect<br/>
date is incorrect<br/>
date is incorrect<br/>
date is incorrect<br/>
21<br/>
</div>
</td>
<td></td>
<td>8</td>
<td>com_trackflow_test.thirdpartytest@124c278f</td></tr>
<tr>
<td title='com_trackflow_test.logintest.logindata()'><b>logindata</b><br>Test class: com_trackflow_test.logintest<br>Parameters: admin32213, admin<br/>
<a href="#Output-835385706" onClick='toggleBox("Output-835385706", this, "Show output", "Hide output");'>Show output</a>

<a href="#Output-835385706" onClick="toggleAllBoxes();">Show all outputs</a>
<div class='log' id="Output-835385706">
invalid login credential<br/>
</div>
</td>
<td></td>
<td>2</td>
<td>com_trackflow_test.logintest@147ed70f</td></tr>
<tr>
<td title='com_trackflow_test.logintest.logindata()'><b>logindata</b><br>Test class: com_trackflow_test.logintest<br>Parameters: eererer, 24324.0<br/>
<a href="#Output-41103874" onClick='toggleBox("Output-41103874", this, "Show output", "Hide output");'>Show output</a>

<a href="#Output-41103874" onClick="toggleAllBoxes();">Show all outputs</a>
<div class='log' id="Output-41103874">
invalid login credential<br/>
</div>
</td>
<td></td>
<td>1</td>
<td>com_trackflow_test.logintest@147ed70f</td></tr>
<tr>
<td title='com_trackflow_test.logintest.logindata()'><b>logindata</b><br>Test class: com_trackflow_test.logintest<br>Parameters: admin, admin<br/>
<a href="#Output-1354202246" onClick='toggleBox("Output-1354202246", this, "Show output", "Hide output");'>Show output</a>

<a href="#Output-1354202246" onClick="toggleAllBoxes();">Show all outputs</a>
<div class='log' id="Output-1354202246">
valid login credential<br/>
</div>
</td>
<td></td>
<td>2</td>
<td>com_trackflow_test.logintest@147ed70f</td></tr>
<tr>
<td title='com_trackflow_test.hometest.newuserdata()'><b>newuserdata</b><br>Test class: com_trackflow_test.hometest<br>Parameters: bg, sahana, manager, sahana, sahana, 969698698709, ghjgkdhlkdowqd;lq<br/>
<a href="#Output-1873431432" onClick='toggleBox("Output-1873431432", this, "Show output", "Hide output");'>Show output</a>

<a href="#Output-1873431432" onClick="toggleAllBoxes();">Show all outputs</a>
<div class='log' id="Output-1873431432">
user is created<br/>
no alert present<br/>
</div>
</td>
<td></td>
<td>5</td>
<td>com_trackflow_test.hometest@61dd025</td></tr>
<tr>
<td title='com_trackflow_test.hometest.newuserdata()'><b>newuserdata</b><br>Test class: com_trackflow_test.hometest<br>Parameters: liki, lucky, engineer, liki, liki, 6786987080, gdhgdkhwkjd;lw<br/>
<a href="#Output-1937218089" onClick='toggleBox("Output-1937218089", this, "Show output", "Hide output");'>Show output</a>

<a href="#Output-1937218089" onClick="toggleAllBoxes();">Show all outputs</a>
<div class='log' id="Output-1937218089">
user is created<br/>
no alert present<br/>
</div>
</td>
<td></td>
<td>4</td>
<td>com_trackflow_test.hometest@61dd025</td></tr>
<tr>
<td title='com_trackflow_test.hometest.newuserdata()'><b>newuserdata</b><br>Test class: com_trackflow_test.hometest<br>Parameters: shine, star, designer, star, star, 576870980-, guhijlk;o;l;oi;l;<br/>
<a href="#Output-690921354" onClick='toggleBox("Output-690921354", this, "Show output", "Hide output");'>Show output</a>

<a href="#Output-690921354" onClick="toggleAllBoxes();">Show all outputs</a>
<div class='log' id="Output-690921354">
user is created<br/>
no alert present<br/>
</div>
</td>
<td></td>
<td>5</td>
<td>com_trackflow_test.hometest@61dd025</td></tr>
<tr>
<td title='com_trackflow_test.hometest.newuserdata()'><b>newuserdata</b><br>Test class: com_trackflow_test.hometest<br>Parameters: lucky , star, web, lucky, lucky, 5.87698709E8, tyfyykjlk<br/>
<a href="#Output-250334548" onClick='toggleBox("Output-250334548", this, "Show output", "Hide output");'>Show output</a>

<a href="#Output-250334548" onClick="toggleAllBoxes();">Show all outputs</a>
<div class='log' id="Output-250334548">
user is created<br/>
no alert present<br/>
</div>
</td>
<td></td>
<td>4</td>
<td>com_trackflow_test.hometest@61dd025</td></tr>
<tr>
<td title='com_trackflow_test.hometest.newuserdata()'><b>newuserdata</b><br>Test class: com_trackflow_test.hometest<br>Parameters: get, gets, manager, getsnnknk, gets, 6.6876898798E10, uyiuyio87980ilk098pomj9ujlkj09lku9op<br/>
<a href="#Output-1955683340" onClick='toggleBox("Output-1955683340", this, "Show output", "Hide output");'>Show output</a>

<a href="#Output-1955683340" onClick="toggleAllBoxes();">Show all outputs</a>
<div class='log' id="Output-1955683340">
user is created<br/>
no alert present<br/>
</div>
</td>
<td></td>
<td>4</td>
<td>com_trackflow_test.hometest@61dd025</td></tr>
<tr>
<td title='com_trackflow_test.logintest.validatetitle()'><b>validatetitle</b><br>Test class: com_trackflow_test.logintest<br/>
<a href="#Output-736796749" onClick='toggleBox("Output-736796749", this, "Show output", "Hide output");'>Show output</a>

<a href="#Output-736796749" onClick="toggleAllBoxes();">Show all outputs</a>
<div class='log' id="Output-736796749">
valid login credential<br/>
</div>
</td>
<td></td>
<td>0</td>
<td>com_trackflow_test.logintest@147ed70f</td></tr>
<tr>
<td title='com_trackflow_test.hometest.verifySidemenu()'><b>verifySidemenu</b><br>Test class: com_trackflow_test.hometest<br/>
<a href="#Output-1280893183" onClick='toggleBox("Output-1280893183", this, "Show output", "Hide output");'>Show output</a>

<a href="#Output-1280893183" onClick="toggleAllBoxes();">Show all outputs</a>
<div class='log' id="Output-1280893183">
Setup
System tools
Modules tools
Users & Groups<br/>
</div>
</td>
<td></td>
<td>0</td>
<td>com_trackflow_test.hometest@61dd025</td></tr>
<tr>
<td title='com_trackflow_test.hometest.verifytoolbarelement()'><b>verifytoolbarelement</b><br>Test class: com_trackflow_test.hometest<br/>
<a href="#Output-275043079" onClick='toggleBox("Output-275043079", this, "Show output", "Hide output");'>Show output</a>

<a href="#Output-275043079" onClick="toggleAllBoxes();">Show all outputs</a>
<div class='log' id="Output-275043079">
Home
Third parties
Products/Services
Commercial
Financial
Bank/Cash
Projects
Members
Documents
Point of sale
Agenda
Holidays<br/>
home element is not present<br/>
</div>
</td>
<td></td>
<td>1</td>
<td>com_trackflow_test.hometest@61dd025</td></tr>
</table><p>
</body>
</html>