<?xml version="1.0" encoding="UTF-8"?>
<!-- Generated by org.testng.reporters.JUnitXMLReporter -->
<testsuite hostname="DESKTOP-V5PKU20" ignored="1" name="Test(failed)" tests="4" failures="3" timestamp="14 Aug 2020 09:29:00 GMT" time="41.337" errors="0">
  <testcase name="@BeforeMethod browserinitialisation" time="13.739" classname="com_trackflow_generic.base">
    <failure type="org.openqa.selenium.SessionNotCreatedException" message="session not created
from chrome not reachable
  (Session info: chrome=84.0.4147.125)
Build info: version: &amp;apos;4.0.0-alpha-6&amp;apos;, revision: &amp;apos;5f43a29cfc&amp;apos;
System info: host: &amp;apos;DESKTOP-V5PKU20&amp;apos;, ip: &amp;apos;192.168.160.1&amp;apos;, os.name: &amp;apos;Windows 10&amp;apos;, os.arch: &amp;apos;amd64&amp;apos;, os.version: &amp;apos;10.0&amp;apos;, java.version: &amp;apos;1.8.0_231&amp;apos;
Driver info: driver.version: ChromeDriver
remote stacktrace: Backtrace:
	Ordinal0 [0x005587E3+2852835]
	Ordinal0 [0x00445BB1+1727409]
	Ordinal0 [0x0031E362+516962]
	Ordinal0 [0x00317D82+490882]
	Ordinal0 [0x0031846B+492651]
	Ordinal0 [0x003193C5+496581]
	Ordinal0 [0x00314D64+478564]
	Ordinal0 [0x0031F300+520960]
	Ordinal0 [0x002CE489+189577]
	Ordinal0 [0x002CD7FD+186365]
	Ordinal0 [0x002CB70B+177931]
	Ordinal0 [0x002B2584+75140]
	Ordinal0 [0x002B3650+79440]
	Ordinal0 [0x002B35E9+79337]
	Ordinal0 [0x0045AD5C+1813852]
	GetHandleVerifier [0x0067C616+1075574]
	GetHandleVerifier [0x0067C367+1074887]
	GetHandleVerifier [0x00687497+1120247]
	GetHandleVerifier [0x0067CC16+1077110]
	Ordinal0 [0x00453206+1782278]
	Ordinal0 [0x0045C3BB+1819579]
	Ordinal0 [0x0045C523+1819939]
	Ordinal0 [0x00472B45+1911621]
	BaseThreadInitThunk [0x77956359+25]
	RtlGetAppContainerNamedObjectPath [0x77A97C24+228]
	RtlGetAppContainerNamedObjectPath [0x77A97BF4+180]
">
      <![CDATA[org.openqa.selenium.SessionNotCreatedException: session not created
from chrome not reachable
  (Session info: chrome=84.0.4147.125)
Build info: version: '4.0.0-alpha-6', revision: '5f43a29cfc'
System info: host: 'DESKTOP-V5PKU20', ip: '192.168.160.1', os.name: 'Windows 10', os.arch: 'amd64', os.version: '10.0', java.version: '1.8.0_231'
Driver info: driver.version: ChromeDriver
remote stacktrace: Backtrace:
Ordinal0 [0x005587E3+2852835]
Ordinal0 [0x00445BB1+1727409]
Ordinal0 [0x0031E362+516962]
Ordinal0 [0x00317D82+490882]
Ordinal0 [0x0031846B+492651]
Ordinal0 [0x003193C5+496581]
Ordinal0 [0x00314D64+478564]
Ordinal0 [0x0031F300+520960]
Ordinal0 [0x002CE489+189577]
Ordinal0 [0x002CD7FD+186365]
Ordinal0 [0x002CB70B+177931]
Ordinal0 [0x002B2584+75140]
Ordinal0 [0x002B3650+79440]
Ordinal0 [0x002B35E9+79337]
Ordinal0 [0x0045AD5C+1813852]
GetHandleVerifier [0x0067C616+1075574]
GetHandleVerifier [0x0067C367+1074887]
GetHandleVerifier [0x00687497+1120247]
GetHandleVerifier [0x0067CC16+1077110]
Ordinal0 [0x00453206+1782278]
Ordinal0 [0x0045C3BB+1819579]
Ordinal0 [0x0045C523+1819939]
Ordinal0 [0x00472B45+1911621]
BaseThreadInitThunk [0x77956359+25]
RtlGetAppContainerNamedObjectPath [0x77A97C24+228]
RtlGetAppContainerNamedObjectPath [0x77A97BF4+180]

at org.openqa.selenium.remote.W3CHandshakeResponse.lambda$errorHandler$0(W3CHandshakeResponse.java:62)
at org.openqa.selenium.remote.HandshakeResponse.lambda$getResponseFunction$0(HandshakeResponse.java:30)
at org.openqa.selenium.remote.ProtocolHandshake.lambda$createSession$1(ProtocolHandshake.java:126)
at java.util.stream.ReferencePipeline$3$1.accept(Unknown Source)
at java.util.Spliterators$ArraySpliterator.tryAdvance(Unknown Source)
at java.util.stream.ReferencePipeline.forEachWithCancel(Unknown Source)
at java.util.stream.AbstractPipeline.copyIntoWithCancel(Unknown Source)
at java.util.stream.AbstractPipeline.copyInto(Unknown Source)
at java.util.stream.AbstractPipeline.wrapAndCopyInto(Unknown Source)
at java.util.stream.FindOps$FindOp.evaluateSequential(Unknown Source)
at java.util.stream.AbstractPipeline.evaluate(Unknown Source)
at java.util.stream.ReferencePipeline.findFirst(Unknown Source)
at org.openqa.selenium.remote.ProtocolHandshake.createSession(ProtocolHandshake.java:128)
at org.openqa.selenium.remote.ProtocolHandshake.createSession(ProtocolHandshake.java:75)
at org.openqa.selenium.remote.HttpCommandExecutor.execute(HttpCommandExecutor.java:138)
at org.openqa.selenium.remote.service.DriverCommandExecutor.execute(DriverCommandExecutor.java:83)
at org.openqa.selenium.remote.RemoteWebDriver.execute(RemoteWebDriver.java:582)
at org.openqa.selenium.remote.RemoteWebDriver.startSession(RemoteWebDriver.java:216)
at org.openqa.selenium.remote.RemoteWebDriver.<init>(RemoteWebDriver.java:136)
at org.openqa.selenium.chromium.ChromiumDriver.<init>(ChromiumDriver.java:75)
at org.openqa.selenium.chrome.ChromeDriver.<init>(ChromeDriver.java:163)
at org.openqa.selenium.chrome.ChromeDriver.<init>(ChromeDriver.java:150)
at org.openqa.selenium.chrome.ChromeDriver.<init>(ChromeDriver.java:105)
at com_trackflow_generic.base.browserinitialisation(base.java:45)
... Removed 32 stack frames]]>
    </failure>
  </testcase> <!-- @BeforeMethod browserinitialisation -->
  <testcase name="@AfterClass teardown" time="0.0" classname="com_trackflow_generic.base">
    <skipped/>
  </testcase> <!-- @AfterClass teardown -->
  <testcase name="logindata" time="3.011" classname="com_trackflow_test.logintest">
    <failure type="java.lang.NullPointerException">
      <![CDATA[java.lang.NullPointerException
at org.openqa.selenium.support.pagefactory.DefaultElementLocator.findElement(DefaultElementLocator.java:70)
at org.openqa.selenium.support.pagefactory.internal.LocatingElementHandler.invoke(LocatingElementHandler.java:39)
at com.sun.proxy.$Proxy11.sendKeys(Unknown Source)
at com_trackflow_pages.loginpage.verifylogincredential(loginpage.java:33)
at com_trackflow_test.logintest.logindata(logintest.java:30)
... Removed 25 stack frames]]>
    </failure>
  </testcase> <!-- logindata -->
  <testcase name="logindata" time="3.004" classname="com_trackflow_test.logintest">
    <failure type="java.lang.NullPointerException">
      <![CDATA[java.lang.NullPointerException
at org.openqa.selenium.support.pagefactory.DefaultElementLocator.findElement(DefaultElementLocator.java:70)
at org.openqa.selenium.support.pagefactory.internal.LocatingElementHandler.invoke(LocatingElementHandler.java:39)
at com.sun.proxy.$Proxy11.sendKeys(Unknown Source)
at com_trackflow_pages.loginpage.verifylogincredential(loginpage.java:33)
at com_trackflow_test.logintest.logindata(logintest.java:30)
... Removed 25 stack frames]]>
    </failure>
  </testcase> <!-- logindata -->
  <testcase name="logindata" time="3.005" classname="com_trackflow_test.logintest">
    <failure type="java.lang.NullPointerException">
      <![CDATA[java.lang.NullPointerException
at org.openqa.selenium.support.pagefactory.DefaultElementLocator.findElement(DefaultElementLocator.java:70)
at org.openqa.selenium.support.pagefactory.internal.LocatingElementHandler.invoke(LocatingElementHandler.java:39)
at com.sun.proxy.$Proxy11.sendKeys(Unknown Source)
at com_trackflow_pages.loginpage.verifylogincredential(loginpage.java:33)
at com_trackflow_test.logintest.logindata(logintest.java:30)
... Removed 25 stack frames]]>
    </failure>
  </testcase> <!-- logindata -->
  <testcase name="logindata" time="0.0" classname="com_trackflow_test.logintest">
    <skipped/>
  </testcase> <!-- logindata -->
  <testcase name="validatetitle" time="0.0" classname="com_trackflow_test.logintest">
    <ignored/>
  </testcase> <!-- validatetitle -->
</testsuite> <!-- Test(failed) -->
