<?xml version="1.0" encoding="UTF-8"?>
<testng-results skipped="0" failed="2" ignored="4" total="18" passed="12">
  <reporter-output>
    <line>
      <![CDATA[invalid login credential]]>
    </line>
    <line>
      <![CDATA[invalid login credential]]>
    </line>
    <line>
      <![CDATA[valid login credential]]>
    </line>
    <line>
      <![CDATA[valid login credential]]>
    </line>
    <line>
      <![CDATA[Home
Third parties
Products/Services
Commercial
Financial
Bank/Cash
Projects
Members
Documents
Point of sale
Agenda
Holidays]]>
    </line>
    <line>
      <![CDATA[home element is not present]]>
    </line>
    <line>
      <![CDATA[Setup
System tools
Modules tools
Users & Groups]]>
    </line>
    <line>
      <![CDATA[Users]]>
    </line>
    <line>
      <![CDATA[new user element not present]]>
    </line>
    <line>
      <![CDATA[   New user]]>
    </line>
    <line>
      <![CDATA[valid usergroupcard title]]>
    </line>
    <line>
      <![CDATA[user is created]]>
    </line>
    <line>
      <![CDATA[no alert present]]>
    </line>
    <line>
      <![CDATA[user is created]]>
    </line>
    <line>
      <![CDATA[no alert present]]>
    </line>
    <line>
      <![CDATA[user is created]]>
    </line>
    <line>
      <![CDATA[no alert present]]>
    </line>
    <line>
      <![CDATA[user is created]]>
    </line>
    <line>
      <![CDATA[no alert present]]>
    </line>
    <line>
      <![CDATA[user is created]]>
    </line>
    <line>
      <![CDATA[no alert present]]>
    </line>
    <line>
      <![CDATA[Users]]>
    </line>
    <line>
      <![CDATA[ghjjk]]>
    </line>
    <line>
      <![CDATA[element not present in modified list]]>
    </line>
    <line>
      <![CDATA[poswald]]>
    </line>
    <line>
      <![CDATA[element not present in modified list]]>
    </line>
    <line>
      <![CDATA[purc]]>
    </line>
    <line>
      <![CDATA[element not present in modified list]]>
    </line>
    <line>
      <![CDATA[fhgfhg]]>
    </line>
    <line>
      <![CDATA[element not present in modified list]]>
    </line>
    <line>
      <![CDATA[nlk]]>
    </line>
    <line>
      <![CDATA[element not present in modified list]]>
    </line>
    <line>
      <![CDATA[ghjgj]]>
    </line>
    <line>
      <![CDATA[element not present in modified list]]>
    </line>
    <line>
      <![CDATA[access01]]>
    </line>
    <line>
      <![CDATA[element not present in modified list]]>
    </line>
    <line>
      <![CDATA[jrk]]>
    </line>
    <line>
      <![CDATA[element not present in modified list]]>
    </line>
    <line>
      <![CDATA[dabba]]>
    </line>
    <line>
      <![CDATA[element not present in modified list]]>
    </line>
    <line>
      <![CDATA[fj]]>
    </line>
    <line>
      <![CDATA[element not present in modified list]]>
    </line>
    <line>
      <![CDATA[fhghj]]>
    </line>
    <line>
      <![CDATA[element not present in modified list]]>
    </line>
    <line>
      <![CDATA[Verna]]>
    </line>
    <line>
      <![CDATA[element not present in modified list]]>
    </line>
    <line>
      <![CDATA[totoy0]]>
    </line>
    <line>
      <![CDATA[element not present in modified list]]>
    </line>
    <line>
      <![CDATA[fgfdg]]>
    </line>
    <line>
      <![CDATA[element not present in modified list]]>
    </line>
    <line>
      <![CDATA[yamahayamaha]]>
    </line>
    <line>
      <![CDATA[date is incorrect]]>
    </line>
    <line>
      <![CDATA[date is incorrect]]>
    </line>
    <line>
      <![CDATA[date is incorrect]]>
    </line>
    <line>
      <![CDATA[date is incorrect]]>
    </line>
    <line>
      <![CDATA[date is incorrect]]>
    </line>
    <line>
      <![CDATA[date is incorrect]]>
    </line>
    <line>
      <![CDATA[date is incorrect]]>
    </line>
    <line>
      <![CDATA[date is incorrect]]>
    </line>
    <line>
      <![CDATA[date is incorrect]]>
    </line>
    <line>
      <![CDATA[date is incorrect]]>
    </line>
    <line>
      <![CDATA[date is incorrect]]>
    </line>
    <line>
      <![CDATA[date is incorrect]]>
    </line>
    <line>
      <![CDATA[date is incorrect]]>
    </line>
    <line>
      <![CDATA[date is incorrect]]>
    </line>
    <line>
      <![CDATA[date is incorrect]]>
    </line>
    <line>
      <![CDATA[date is incorrect]]>
    </line>
    <line>
      <![CDATA[date is incorrect]]>
    </line>
    <line>
      <![CDATA[date is incorrect]]>
    </line>
    <line>
      <![CDATA[date is incorrect]]>
    </line>
    <line>
      <![CDATA[date is incorrect]]>
    </line>
    <line>
      <![CDATA[21]]>
    </line>
  </reporter-output>
  <suite name="Suite" duration-ms="55476" started-at="2020-09-21T08:04:34Z" finished-at="2020-09-21T08:05:29Z">
    <groups>
    </groups>
    <test name="Test" duration-ms="55476" started-at="2020-09-21T08:04:34Z" finished-at="2020-09-21T08:05:29Z">
      <class name="com_trackflow_test.hometest">
        <test-method status="PASS" signature="verifytoolbarelement()[pri:4, instance:com_trackflow_test.hometest@61dd025]" name="verifytoolbarelement" duration-ms="1505" started-at="2020-09-21T08:04:42Z" finished-at="2020-09-21T08:04:43Z">
          <reporter-output>
            <line>
              <![CDATA[Home
Third parties
Products/Services
Commercial
Financial
Bank/Cash
Projects
Members
Documents
Point of sale
Agenda
Holidays]]>
            </line>
            <line>
              <![CDATA[home element is not present]]>
            </line>
          </reporter-output>
        </test-method> <!-- verifytoolbarelement -->
        <test-method status="PASS" signature="verifySidemenu()[pri:5, instance:com_trackflow_test.hometest@61dd025]" name="verifySidemenu" duration-ms="224" started-at="2020-09-21T08:04:43Z" finished-at="2020-09-21T08:04:43Z">
          <reporter-output>
            <line>
              <![CDATA[Setup
System tools
Modules tools
Users & Groups]]>
            </line>
          </reporter-output>
        </test-method> <!-- verifySidemenu -->
        <test-method status="FAIL" signature="userandgroup_newuser()[pri:7, instance:com_trackflow_test.hometest@61dd025]" name="userandgroup_newuser" duration-ms="4396" started-at="2020-09-21T08:04:43Z" finished-at="2020-09-21T08:04:48Z">
          <exception class="org.openqa.selenium.StaleElementReferenceException">
            <message>
              <![CDATA[stale element reference: element is not attached to the page document
  (Session info: chrome=85.0.4183.102)
For documentation on this error, please visit: https://selenium.dev/exceptions/#stale_element_reference
Build info: version: '4.0.0-alpha-6', revision: '5f43a29cfc'
System info: host: 'DESKTOP-V5PKU20', ip: '192.168.160.1', os.name: 'Windows 10', os.arch: 'amd64', os.version: '10.0', java.version: '1.8.0_231'
Driver info: org.openqa.selenium.chrome.ChromeDriver
Capabilities {acceptInsecureCerts: false, browserName: chrome, browserVersion: 85.0.4183.102, chrome: {chromedriverVersion: 85.0.4183.87 (cd6713ebf92fa..., userDataDir: C:\Users\Sanu\AppData\Local...}, goog:chromeOptions: {debuggerAddress: localhost:50079}, javascriptEnabled: true, networkConnectionEnabled: false, pageLoadStrategy: normal, platform: WINDOWS, platformName: WINDOWS, proxy: Proxy(), setWindowRect: true, strictFileInteractability: false, timeouts: {implicit: 0, pageLoad: 300000, script: 30000}, unhandledPromptBehavior: dismiss and notify, webauthn:virtualAuthenticators: true}
Session ID: 8ca4ffe5e35346900a3d97bb8b24b6e0]]>
            </message>
            <full-stacktrace>
              <![CDATA[org.openqa.selenium.StaleElementReferenceException: stale element reference: element is not attached to the page document
  (Session info: chrome=85.0.4183.102)
For documentation on this error, please visit: https://selenium.dev/exceptions/#stale_element_reference
Build info: version: '4.0.0-alpha-6', revision: '5f43a29cfc'
System info: host: 'DESKTOP-V5PKU20', ip: '192.168.160.1', os.name: 'Windows 10', os.arch: 'amd64', os.version: '10.0', java.version: '1.8.0_231'
Driver info: org.openqa.selenium.chrome.ChromeDriver
Capabilities {acceptInsecureCerts: false, browserName: chrome, browserVersion: 85.0.4183.102, chrome: {chromedriverVersion: 85.0.4183.87 (cd6713ebf92fa..., userDataDir: C:\Users\Sanu\AppData\Local...}, goog:chromeOptions: {debuggerAddress: localhost:50079}, javascriptEnabled: true, networkConnectionEnabled: false, pageLoadStrategy: normal, platform: WINDOWS, platformName: WINDOWS, proxy: Proxy(), setWindowRect: true, strictFileInteractability: false, timeouts: {implicit: 0, pageLoad: 300000, script: 30000}, unhandledPromptBehavior: dismiss and notify, webauthn:virtualAuthenticators: true}
Session ID: 8ca4ffe5e35346900a3d97bb8b24b6e0
at sun.reflect.NativeConstructorAccessorImpl.newInstance0(Native Method)
at sun.reflect.NativeConstructorAccessorImpl.newInstance(Unknown Source)
at sun.reflect.DelegatingConstructorAccessorImpl.newInstance(Unknown Source)
at java.lang.reflect.Constructor.newInstance(Unknown Source)
at org.openqa.selenium.remote.codec.w3c.W3CHttpResponseCodec.createException(W3CHttpResponseCodec.java:196)
at org.openqa.selenium.remote.codec.w3c.W3CHttpResponseCodec.decode(W3CHttpResponseCodec.java:129)
at org.openqa.selenium.remote.codec.w3c.W3CHttpResponseCodec.decode(W3CHttpResponseCodec.java:53)
at org.openqa.selenium.remote.HttpCommandExecutor.execute(HttpCommandExecutor.java:160)
at org.openqa.selenium.remote.service.DriverCommandExecutor.execute(DriverCommandExecutor.java:83)
at org.openqa.selenium.remote.RemoteWebDriver.execute(RemoteWebDriver.java:582)
at org.openqa.selenium.remote.RemoteWebElement.execute(RemoteWebElement.java:316)
at org.openqa.selenium.remote.RemoteWebElement.getText(RemoteWebElement.java:181)
at com_trackflow_test.hometest.userandgroup_newuser(hometest.java:105)
at sun.reflect.NativeMethodAccessorImpl.invoke0(Native Method)
at sun.reflect.NativeMethodAccessorImpl.invoke(Unknown Source)
at sun.reflect.DelegatingMethodAccessorImpl.invoke(Unknown Source)
at java.lang.reflect.Method.invoke(Unknown Source)
at org.testng.internal.MethodInvocationHelper.invokeMethod(MethodInvocationHelper.java:124)
at org.testng.internal.Invoker.invokeMethod(Invoker.java:583)
at org.testng.internal.Invoker.invokeTestMethod(Invoker.java:719)
at org.testng.internal.Invoker.invokeTestMethods(Invoker.java:989)
at org.testng.internal.TestMethodWorker.invokeTestMethods(TestMethodWorker.java:125)
at org.testng.internal.TestMethodWorker.run(TestMethodWorker.java:109)
at org.testng.TestRunner.privateRun(TestRunner.java:648)
at org.testng.TestRunner.run(TestRunner.java:505)
at org.testng.SuiteRunner.runTest(SuiteRunner.java:455)
at org.testng.SuiteRunner.access$000(SuiteRunner.java:40)
at org.testng.SuiteRunner$SuiteWorker.run(SuiteRunner.java:489)
at org.testng.internal.thread.ThreadUtil$1.call(ThreadUtil.java:52)
at java.util.concurrent.FutureTask.run(Unknown Source)
at java.util.concurrent.ThreadPoolExecutor.runWorker(Unknown Source)
at java.util.concurrent.ThreadPoolExecutor$Worker.run(Unknown Source)
at java.lang.Thread.run(Unknown Source)
]]>
            </full-stacktrace>
          </exception> <!-- org.openqa.selenium.StaleElementReferenceException -->
          <reporter-output>
            <line>
              <![CDATA[Users]]>
            </line>
            <line>
              <![CDATA[new user element not present]]>
            </line>
            <line>
              <![CDATA[   New user]]>
            </line>
            <line>
              <![CDATA[valid usergroupcard title]]>
            </line>
          </reporter-output>
        </test-method> <!-- userandgroup_newuser -->
        <test-method status="PASS" signature="newuserdata(java.lang.String, java.lang.String, java.lang.String, java.lang.String, java.lang.String, java.lang.String, java.lang.String)[pri:8, instance:com_trackflow_test.hometest@61dd025]" name="newuserdata" duration-ms="5107" started-at="2020-09-21T08:04:48Z" data-provider="getuserdata" finished-at="2020-09-21T08:04:53Z">
          <params>
            <param index="0">
              <value>
                <![CDATA[bg]]>
              </value>
            </param>
            <param index="1">
              <value>
                <![CDATA[sahana]]>
              </value>
            </param>
            <param index="2">
              <value>
                <![CDATA[manager]]>
              </value>
            </param>
            <param index="3">
              <value>
                <![CDATA[sahana]]>
              </value>
            </param>
            <param index="4">
              <value>
                <![CDATA[sahana]]>
              </value>
            </param>
            <param index="5">
              <value>
                <![CDATA[969698698709]]>
              </value>
            </param>
            <param index="6">
              <value>
                <![CDATA[ghjgkdhlkdowqd;lq]]>
              </value>
            </param>
          </params>
          <reporter-output>
            <line>
              <![CDATA[user is created]]>
            </line>
            <line>
              <![CDATA[no alert present]]>
            </line>
          </reporter-output>
        </test-method> <!-- newuserdata -->
        <test-method status="PASS" signature="newuserdata(java.lang.String, java.lang.String, java.lang.String, java.lang.String, java.lang.String, java.lang.String, java.lang.String)[pri:8, instance:com_trackflow_test.hometest@61dd025]" name="newuserdata" duration-ms="4973" started-at="2020-09-21T08:04:53Z" data-provider="getuserdata" finished-at="2020-09-21T08:04:58Z">
          <params>
            <param index="0">
              <value>
                <![CDATA[liki]]>
              </value>
            </param>
            <param index="1">
              <value>
                <![CDATA[lucky]]>
              </value>
            </param>
            <param index="2">
              <value>
                <![CDATA[engineer]]>
              </value>
            </param>
            <param index="3">
              <value>
                <![CDATA[liki]]>
              </value>
            </param>
            <param index="4">
              <value>
                <![CDATA[liki]]>
              </value>
            </param>
            <param index="5">
              <value>
                <![CDATA[6786987080]]>
              </value>
            </param>
            <param index="6">
              <value>
                <![CDATA[gdhgdkhwkjd;lw]]>
              </value>
            </param>
          </params>
          <reporter-output>
            <line>
              <![CDATA[user is created]]>
            </line>
            <line>
              <![CDATA[no alert present]]>
            </line>
          </reporter-output>
        </test-method> <!-- newuserdata -->
        <test-method status="PASS" signature="newuserdata(java.lang.String, java.lang.String, java.lang.String, java.lang.String, java.lang.String, java.lang.String, java.lang.String)[pri:8, instance:com_trackflow_test.hometest@61dd025]" name="newuserdata" duration-ms="5045" started-at="2020-09-21T08:04:58Z" data-provider="getuserdata" finished-at="2020-09-21T08:05:03Z">
          <params>
            <param index="0">
              <value>
                <![CDATA[shine]]>
              </value>
            </param>
            <param index="1">
              <value>
                <![CDATA[star]]>
              </value>
            </param>
            <param index="2">
              <value>
                <![CDATA[designer]]>
              </value>
            </param>
            <param index="3">
              <value>
                <![CDATA[star]]>
              </value>
            </param>
            <param index="4">
              <value>
                <![CDATA[star]]>
              </value>
            </param>
            <param index="5">
              <value>
                <![CDATA[576870980-]]>
              </value>
            </param>
            <param index="6">
              <value>
                <![CDATA[guhijlk;o;l;oi;l;]]>
              </value>
            </param>
          </params>
          <reporter-output>
            <line>
              <![CDATA[user is created]]>
            </line>
            <line>
              <![CDATA[no alert present]]>
            </line>
          </reporter-output>
        </test-method> <!-- newuserdata -->
        <test-method status="PASS" signature="newuserdata(java.lang.String, java.lang.String, java.lang.String, java.lang.String, java.lang.String, java.lang.String, java.lang.String)[pri:8, instance:com_trackflow_test.hometest@61dd025]" name="newuserdata" duration-ms="4908" started-at="2020-09-21T08:05:03Z" data-provider="getuserdata" finished-at="2020-09-21T08:05:08Z">
          <params>
            <param index="0">
              <value>
                <![CDATA[lucky ]]>
              </value>
            </param>
            <param index="1">
              <value>
                <![CDATA[star]]>
              </value>
            </param>
            <param index="2">
              <value>
                <![CDATA[web]]>
              </value>
            </param>
            <param index="3">
              <value>
                <![CDATA[lucky]]>
              </value>
            </param>
            <param index="4">
              <value>
                <![CDATA[lucky]]>
              </value>
            </param>
            <param index="5">
              <value>
                <![CDATA[5.87698709E8]]>
              </value>
            </param>
            <param index="6">
              <value>
                <![CDATA[tyfyykjlk]]>
              </value>
            </param>
          </params>
          <reporter-output>
            <line>
              <![CDATA[user is created]]>
            </line>
            <line>
              <![CDATA[no alert present]]>
            </line>
          </reporter-output>
        </test-method> <!-- newuserdata -->
        <test-method status="PASS" signature="newuserdata(java.lang.String, java.lang.String, java.lang.String, java.lang.String, java.lang.String, java.lang.String, java.lang.String)[pri:8, instance:com_trackflow_test.hometest@61dd025]" name="newuserdata" duration-ms="4994" started-at="2020-09-21T08:05:08Z" data-provider="getuserdata" finished-at="2020-09-21T08:05:13Z">
          <params>
            <param index="0">
              <value>
                <![CDATA[get]]>
              </value>
            </param>
            <param index="1">
              <value>
                <![CDATA[gets]]>
              </value>
            </param>
            <param index="2">
              <value>
                <![CDATA[manager]]>
              </value>
            </param>
            <param index="3">
              <value>
                <![CDATA[getsnnknk]]>
              </value>
            </param>
            <param index="4">
              <value>
                <![CDATA[gets]]>
              </value>
            </param>
            <param index="5">
              <value>
                <![CDATA[6.6876898798E10]]>
              </value>
            </param>
            <param index="6">
              <value>
                <![CDATA[uyiuyio87980ilk098pomj9ujlkj09lku9op]]>
              </value>
            </param>
          </params>
          <reporter-output>
            <line>
              <![CDATA[user is created]]>
            </line>
            <line>
              <![CDATA[no alert present]]>
            </line>
          </reporter-output>
        </test-method> <!-- newuserdata -->
        <test-method status="FAIL" signature="userandgroupuser()[pri:9, instance:com_trackflow_test.hometest@61dd025]" name="userandgroupuser" duration-ms="7287" started-at="2020-09-21T08:05:13Z" finished-at="2020-09-21T08:05:21Z">
          <exception class="java.lang.AssertionError">
            <message>
              <![CDATA[Lists differ at element [0]: JGFHJGHJ != admin expected [JGFHJGHJ] but found [admin]]]>
            </message>
            <full-stacktrace>
              <![CDATA[java.lang.AssertionError: Lists differ at element [0]: JGFHJGHJ != admin expected [JGFHJGHJ] but found [admin]
at org.testng.Assert.fail(Assert.java:96)
at org.testng.Assert.failNotEquals(Assert.java:776)
at org.testng.Assert.assertEqualsImpl(Assert.java:137)
at org.testng.Assert.assertEquals(Assert.java:831)
at org.testng.Assert.assertEquals(Assert.java:796)
at com_trackflow_test.hometest.userandgroupuser(hometest.java:171)
at sun.reflect.NativeMethodAccessorImpl.invoke0(Native Method)
at sun.reflect.NativeMethodAccessorImpl.invoke(Unknown Source)
at sun.reflect.DelegatingMethodAccessorImpl.invoke(Unknown Source)
at java.lang.reflect.Method.invoke(Unknown Source)
at org.testng.internal.MethodInvocationHelper.invokeMethod(MethodInvocationHelper.java:124)
at org.testng.internal.Invoker.invokeMethod(Invoker.java:583)
at org.testng.internal.Invoker.invokeTestMethod(Invoker.java:719)
at org.testng.internal.Invoker.invokeTestMethods(Invoker.java:989)
at org.testng.internal.TestMethodWorker.invokeTestMethods(TestMethodWorker.java:125)
at org.testng.internal.TestMethodWorker.run(TestMethodWorker.java:109)
at org.testng.TestRunner.privateRun(TestRunner.java:648)
at org.testng.TestRunner.run(TestRunner.java:505)
at org.testng.SuiteRunner.runTest(SuiteRunner.java:455)
at org.testng.SuiteRunner.access$000(SuiteRunner.java:40)
at org.testng.SuiteRunner$SuiteWorker.run(SuiteRunner.java:489)
at org.testng.internal.thread.ThreadUtil$1.call(ThreadUtil.java:52)
at java.util.concurrent.FutureTask.run(Unknown Source)
at java.util.concurrent.ThreadPoolExecutor.runWorker(Unknown Source)
at java.util.concurrent.ThreadPoolExecutor$Worker.run(Unknown Source)
at java.lang.Thread.run(Unknown Source)
]]>
            </full-stacktrace>
          </exception> <!-- java.lang.AssertionError -->
          <reporter-output>
            <line>
              <![CDATA[Users]]>
            </line>
          </reporter-output>
        </test-method> <!-- userandgroupuser -->
      </class> <!-- com_trackflow_test.hometest -->
      <class name="com_trackflow_test.logintest">
        <test-method status="PASS" signature="initialise()[pri:0, instance:com_trackflow_test.logintest@147ed70f]" name="initialise" is-config="true" duration-ms="7431" started-at="2020-09-21T08:04:26Z" finished-at="2020-09-21T08:04:34Z">
          <reporter-output>
          </reporter-output>
        </test-method> <!-- initialise -->
        <test-method status="PASS" signature="logindata(java.lang.String, java.lang.String)[pri:1, instance:com_trackflow_test.logintest@147ed70f]" name="logindata" duration-ms="2074" started-at="2020-09-21T08:04:35Z" data-provider="getlogindata" finished-at="2020-09-21T08:04:37Z">
          <params>
            <param index="0">
              <value>
                <![CDATA[admin32213]]>
              </value>
            </param>
            <param index="1">
              <value>
                <![CDATA[admin]]>
              </value>
            </param>
          </params>
          <reporter-output>
            <line>
              <![CDATA[invalid login credential]]>
            </line>
          </reporter-output>
        </test-method> <!-- logindata -->
        <test-method status="PASS" signature="logindata(java.lang.String, java.lang.String)[pri:1, instance:com_trackflow_test.logintest@147ed70f]" name="logindata" duration-ms="1948" started-at="2020-09-21T08:04:37Z" data-provider="getlogindata" finished-at="2020-09-21T08:04:39Z">
          <params>
            <param index="0">
              <value>
                <![CDATA[eererer]]>
              </value>
            </param>
            <param index="1">
              <value>
                <![CDATA[24324.0]]>
              </value>
            </param>
          </params>
          <reporter-output>
            <line>
              <![CDATA[invalid login credential]]>
            </line>
          </reporter-output>
        </test-method> <!-- logindata -->
        <test-method status="PASS" signature="logindata(java.lang.String, java.lang.String)[pri:1, instance:com_trackflow_test.logintest@147ed70f]" name="logindata" duration-ms="2535" started-at="2020-09-21T08:04:39Z" data-provider="getlogindata" finished-at="2020-09-21T08:04:41Z">
          <params>
            <param index="0">
              <value>
                <![CDATA[admin]]>
              </value>
            </param>
            <param index="1">
              <value>
                <![CDATA[admin]]>
              </value>
            </param>
          </params>
          <reporter-output>
            <line>
              <![CDATA[valid login credential]]>
            </line>
          </reporter-output>
        </test-method> <!-- logindata -->
        <test-method status="PASS" signature="validatetitle()[pri:2, instance:com_trackflow_test.logintest@147ed70f]" name="validatetitle" duration-ms="12" started-at="2020-09-21T08:04:42Z" finished-at="2020-09-21T08:04:42Z">
          <reporter-output>
            <line>
              <![CDATA[valid login credential]]>
            </line>
          </reporter-output>
        </test-method> <!-- validatetitle -->
        <test-method status="PASS" signature="teardown()[pri:0, instance:com_trackflow_test.logintest@147ed70f]" name="teardown" is-config="true" duration-ms="4225" started-at="2020-09-21T08:05:30Z" finished-at="2020-09-21T08:05:34Z">
          <reporter-output>
          </reporter-output>
        </test-method> <!-- teardown -->
      </class> <!-- com_trackflow_test.logintest -->
      <class name="com_trackflow_test.thirdpartytest">
        <test-method status="PASS" signature="addpointofcontact()[pri:10, instance:com_trackflow_test.thirdpartytest@124c278f]" name="addpointofcontact" duration-ms="8130" started-at="2020-09-21T08:05:21Z" finished-at="2020-09-21T08:05:29Z">
          <reporter-output>
            <line>
              <![CDATA[ghjjk]]>
            </line>
            <line>
              <![CDATA[element not present in modified list]]>
            </line>
            <line>
              <![CDATA[poswald]]>
            </line>
            <line>
              <![CDATA[element not present in modified list]]>
            </line>
            <line>
              <![CDATA[purc]]>
            </line>
            <line>
              <![CDATA[element not present in modified list]]>
            </line>
            <line>
              <![CDATA[fhgfhg]]>
            </line>
            <line>
              <![CDATA[element not present in modified list]]>
            </line>
            <line>
              <![CDATA[nlk]]>
            </line>
            <line>
              <![CDATA[element not present in modified list]]>
            </line>
            <line>
              <![CDATA[ghjgj]]>
            </line>
            <line>
              <![CDATA[element not present in modified list]]>
            </line>
            <line>
              <![CDATA[access01]]>
            </line>
            <line>
              <![CDATA[element not present in modified list]]>
            </line>
            <line>
              <![CDATA[jrk]]>
            </line>
            <line>
              <![CDATA[element not present in modified list]]>
            </line>
            <line>
              <![CDATA[dabba]]>
            </line>
            <line>
              <![CDATA[element not present in modified list]]>
            </line>
            <line>
              <![CDATA[fj]]>
            </line>
            <line>
              <![CDATA[element not present in modified list]]>
            </line>
            <line>
              <![CDATA[fhghj]]>
            </line>
            <line>
              <![CDATA[element not present in modified list]]>
            </line>
            <line>
              <![CDATA[Verna]]>
            </line>
            <line>
              <![CDATA[element not present in modified list]]>
            </line>
            <line>
              <![CDATA[totoy0]]>
            </line>
            <line>
              <![CDATA[element not present in modified list]]>
            </line>
            <line>
              <![CDATA[fgfdg]]>
            </line>
            <line>
              <![CDATA[element not present in modified list]]>
            </line>
            <line>
              <![CDATA[yamahayamaha]]>
            </line>
            <line>
              <![CDATA[date is incorrect]]>
            </line>
            <line>
              <![CDATA[date is incorrect]]>
            </line>
            <line>
              <![CDATA[date is incorrect]]>
            </line>
            <line>
              <![CDATA[date is incorrect]]>
            </line>
            <line>
              <![CDATA[date is incorrect]]>
            </line>
            <line>
              <![CDATA[date is incorrect]]>
            </line>
            <line>
              <![CDATA[date is incorrect]]>
            </line>
            <line>
              <![CDATA[date is incorrect]]>
            </line>
            <line>
              <![CDATA[date is incorrect]]>
            </line>
            <line>
              <![CDATA[date is incorrect]]>
            </line>
            <line>
              <![CDATA[date is incorrect]]>
            </line>
            <line>
              <![CDATA[date is incorrect]]>
            </line>
            <line>
              <![CDATA[date is incorrect]]>
            </line>
            <line>
              <![CDATA[date is incorrect]]>
            </line>
            <line>
              <![CDATA[date is incorrect]]>
            </line>
            <line>
              <![CDATA[date is incorrect]]>
            </line>
            <line>
              <![CDATA[date is incorrect]]>
            </line>
            <line>
              <![CDATA[date is incorrect]]>
            </line>
            <line>
              <![CDATA[date is incorrect]]>
            </line>
            <line>
              <![CDATA[date is incorrect]]>
            </line>
            <line>
              <![CDATA[21]]>
            </line>
          </reporter-output>
        </test-method> <!-- addpointofcontact -->
      </class> <!-- com_trackflow_test.thirdpartytest -->
    </test> <!-- Test -->
  </suite> <!-- Suite -->
</testng-results>
